\BOOKMARK [0][-]{chapter.1}{Remerciements}{}% 1
\BOOKMARK [0][-]{chapter.2}{Introduction}{}% 2
\BOOKMARK [0][-]{chapter.3}{Pr\351sentation}{}% 3
\BOOKMARK [1][-]{section.3.1}{Alloa Voyages}{chapter.3}% 4
\BOOKMARK [2][-]{subsection.3.1.1}{L'agence de voyage}{section.3.1}% 5
\BOOKMARK [2][-]{subsection.3.1.2}{L'agence et le domaine de l'informatique}{section.3.1}% 6
\BOOKMARK [1][-]{section.3.2}{Technologies utilis\351es}{chapter.3}% 7
\BOOKMARK [2][-]{subsection.3.2.1}{Golang et GopherJS}{section.3.2}% 8
\BOOKMARK [2][-]{subsection.3.2.2}{gRPC et Protocol Buffers}{section.3.2}% 9
\BOOKMARK [2][-]{subsection.3.2.3}{PostgreSQL}{section.3.2}% 10
\BOOKMARK [2][-]{subsection.3.2.4}{Bootstrap}{section.3.2}% 11
\BOOKMARK [0][-]{chapter.4}{Missions}{}% 12
\BOOKMARK [1][-]{section.4.1}{Pr\351sentation et Organisation}{chapter.4}% 13
\BOOKMARK [1][-]{section.4.2}{Hyooper}{chapter.4}% 14
\BOOKMARK [1][-]{section.4.3}{Site Commercial}{chapter.4}% 15
\BOOKMARK [2][-]{subsection.4.3.1}{Client}{section.4.3}% 16
\BOOKMARK [2][-]{subsection.4.3.2}{Serveur}{section.4.3}% 17
\BOOKMARK [0][-]{chapter.5}{Bilan}{}% 18
\BOOKMARK [0][-]{chapter.6}{Conclusion}{}% 19
\BOOKMARK [0][-]{chapter.7}{Abstact}{}% 20
